2009-06-04T10:02:38+03:00 INFO (6): Processing tasks. Запущенно 0 процессов. Время работы 0.331 sec
2009-06-04T10:09:41+03:00 INFO (6): Processing tasks. Запущенно 0 процессов. Время работы 0.096 sec
2009-06-04T10:40:39+03:00 DEBUG (7): Запуск конвертации. Строка запуска:
~/./conv.sh /mnt/tmp/tmp/video/tmp/12 /mnt/tmp/tmp/video/200923/12 >/dev/null 2>&1 &
2009-06-04T10:40:39+03:00 INFO (6): Processing tasks. Запущенно 1 процессов. Время работы 0.107 sec
2009-06-04T10:48:09+03:00 DEBUG (7): Запуск конвертации. Строка запуска:
~/./conv.sh /mnt/tmp/tmp/video/tmp/14 /mnt/tmp/tmp/video/200923/14 >/dev/null 2>&1 &
2009-06-04T10:48:09+03:00 INFO (6): Processing tasks. Запущенно 1 процессов. Время работы 0.090 sec
2009-06-04T10:52:38+03:00 DEBUG (7): Запуск конвертации. Строка запуска:
~/./conv.sh /mnt/tmp/tmp/video/tmp/14 /mnt/tmp/tmp/video/200923/14 >/dev/null 2>&1 &
2009-06-04T10:52:38+03:00 INFO (6): Processing tasks. Запущенно 1 процессов. Время работы 0.083 sec
2009-06-04T10:54:06+03:00 DEBUG (7): Запуск конвертации. Строка запуска:
~/./conv.sh /mnt/tmp/tmp/video/tmp/14 /mnt/tmp/tmp/video/200923/14 >/dev/null 2>&1 &
2009-06-04T10:54:06+03:00 INFO (6): Processing tasks. Запущенно 1 процессов. Время работы 0.075 sec
2009-06-04T10:54:57+03:00 DEBUG (7): Запуск конвертации. Ip=192.168.1.7, Строка запуска:
~/./conv.sh /mnt/tmp/tmp/video/tmp/14 /mnt/tmp/tmp/video/200923/14 >/dev/null 2>&1 &
2009-06-04T10:54:57+03:00 INFO (6): Processing tasks. Запущенно 1 процессов. Время работы 0.079 sec
2009-06-04T10:57:51+03:00 DEBUG (7): Запуск конвертации. IP=192.168.1.7, Строка запуска:
~/./conv.sh /mnt/tmp/tmp/video/tmp/14 /mnt/tmp/tmp/video/200923/14 >/dev/null 2>&1 &
2009-06-04T10:57:52+03:00 INFO (6): Processing tasks. Запущенно 1 процессов. Время работы 0.100 sec
2009-06-04T11:06:06+03:00 DEBUG (7): Запуск конвертации. IP=192.168.1.7, Строка запуска:
~/./conv.sh /mnt/tmp/tmp/video/tmp/14 /mnt/tmp/tmp/video/200923/14 >/dev/null 2>&1 &
2009-06-04T11:06:06+03:00 INFO (6): Processing tasks. Запущенно 1 процессов. Время работы 0.073 sec
2009-06-04T11:08:39+03:00 INFO (6): Processing tasks. Запущенно 0 процессов. Время работы 0.115 sec
2009-06-04T11:10:54+03:00 DEBUG (7): Запуск конвертации. IP=192.168.1.7, Строка запуска:
~/./conv.sh /mnt/tmp/tmp/video/tmp/14 /mnt/tmp/tmp/video/200923/14 >/dev/null 2>&1 &
2009-06-04T11:10:54+03:00 INFO (6): Processing tasks. Запущенно 1 процессов. Время работы 2.476 sec
2009-06-04T11:11:19+03:00 DEBUG (7): Запуск конвертации. IP=192.168.1.7, Строка запуска:
~/./conv.sh /mnt/tmp/tmp/video/tmp/14 /mnt/tmp/tmp/video/200923/14 >/dev/null 2>&1 &
2009-06-04T11:11:19+03:00 INFO (6): Processing tasks. Запущенно 1 процессов. Время работы 2.209 sec
2009-06-04T11:12:52+03:00 DEBUG (7): Запуск конвертации. IP=192.168.1.7, Строка запуска:
~/./conv.sh /mnt/tmp/tmp/video/tmp/14 /mnt/tmp/tmp/video/200923/14 >/dev/null 2>&1 &
2009-06-04T11:12:53+03:00 DEBUG (7): Запуск конвертации. IP=192.168.1.7, Строка запуска:
~/./conv.sh /mnt/tmp/tmp/video/tmp/15 /mnt/tmp/tmp/video/200923/15 >/dev/null 2>&1 &
2009-06-04T11:12:55+03:00 DEBUG (7): Запуск конвертации. IP=192.168.1.7, Строка запуска:
~/./conv.sh /mnt/tmp/tmp/video/tmp/16 /mnt/tmp/tmp/video/200923/16 >/dev/null 2>&1 &
2009-06-04T11:12:55+03:00 INFO (6): Processing tasks. Запущенно 3 процессов. Время работы 5.176 sec
2009-06-04T11:16:27+03:00 DEBUG (7): Конвертация файла Id=14 завершена. Время работы: 3.000 sec
2009-06-04T11:16:28+03:00 INFO (6): Processing tasks. Запущенно 0 процессов. Время работы 0.368 sec
2009-06-04T11:17:31+03:00 DEBUG (7): Конвертация файла Id=15 завершена. Время работы: 7.000 sec
2009-06-04T11:17:31+03:00 DEBUG (7): Конвертация файла Id=16 завершена. Время работы: 5.000 sec
2009-06-04T11:17:31+03:00 INFO (6): Processing tasks. Запущенно 0 процессов. Время работы 0.263 sec
2009-06-04T11:21:39+03:00 INFO (6): Processing tasks. Запущенно 0 процессов. Время работы 0.060 sec
2009-06-04T11:21:40+03:00 INFO (6): Processing tasks. Запущенно 0 процессов. Время работы 0.079 sec
2009-06-04T11:23:01+03:00 INFO (6): Processing tasks. Запущенно 0 процессов. Время работы 0.063 sec
2009-06-04T11:24:00+03:00 INFO (6): Processing tasks. Запущенно 0 процессов. Время работы 0.061 sec
2009-06-04T11:25:01+03:00 INFO (6): Processing tasks. Запущенно 0 процессов. Время работы 0.060 sec
2009-06-04T11:26:00+03:00 INFO (6): Processing tasks. Запущенно 0 процессов. Время работы 0.060 sec
2009-06-04T11:27:01+03:00 INFO (6): Processing tasks. Запущенно 0 процессов. Время работы 0.060 sec
2009-06-04T11:28:02+03:00 DEBUG (7): Запуск конвертации. IP=192.168.1.7, Строка запуска:
~/./conv.sh /mnt/tmp/tmp/video/tmp/17 /mnt/tmp/tmp/video/200923/17 >/dev/null 2>&1 &
2009-06-04T11:29:03+03:00 DEBUG (7): Запуск конвертации. IP=192.168.1.7, Строка запуска:
~/./conv.sh /mnt/tmp/tmp/video/tmp/17 /mnt/tmp/tmp/video/200923/17 >/dev/null 2>&1 &
2009-06-04T11:30:01+03:00 DEBUG (7): Запуск конвертации. IP=192.168.1.7, Строка запуска:
~/./conv.sh /mnt/tmp/tmp/video/tmp/17 /mnt/tmp/tmp/video/200923/17 >/dev/null 2>&1 &
2009-06-04T11:30:03+03:00 DEBUG (7): Запуск конвертации. IP=192.168.1.7, Строка запуска:
~/./conv.sh /mnt/tmp/tmp/video/tmp/17 /mnt/tmp/tmp/video/200923/17 >/dev/null 2>&1 &
2009-06-04T11:31:03+03:00 DEBUG (7): Запуск конвертации. IP=192.168.1.7, Строка запуска:
~/./conv.sh /mnt/tmp/tmp/video/tmp/17 /mnt/tmp/tmp/video/200923/17 >/dev/null 2>&1 &
2009-06-04T11:32:02+03:00 DEBUG (7): Запуск конвертации. IP=192.168.1.7, Строка запуска:
~/./conv.sh /mnt/tmp/tmp/video/tmp/17 /mnt/tmp/tmp/video/200923/17 >/dev/null 2>&1 &
2009-06-04T11:32:06+03:00 DEBUG (7): Запуск конвертации. IP=192.168.1.7, Строка запуска:
~/./conv.sh /mnt/tmp/tmp/video/tmp/18 /mnt/tmp/tmp/video/200923/18 >/dev/null 2>&1 &
2009-06-04T11:33:01+03:00 DEBUG (7): Конвертация файла Id=17 завершена. Время работы: -197.000 sec
2009-06-04T11:33:03+03:00 DEBUG (7): Запуск конвертации. IP=192.168.1.7, Строка запуска:
~/./conv.sh /mnt/tmp/tmp/video/tmp/19 /mnt/tmp/tmp/video/200923/19 >/dev/null 2>&1 &
2009-06-04T11:34:00+03:00 DEBUG (7): Конвертация файла Id=18 завершена. Время работы: 38.000 sec
2009-06-04T11:34:02+03:00 DEBUG (7): Запуск конвертации. IP=192.168.1.7, Строка запуска:
~/./conv.sh /mnt/tmp/tmp/video/tmp/20 /mnt/tmp/tmp/video/200923/20 >/dev/null 2>&1 &
2009-06-04T11:35:01+03:00 DEBUG (7): Конвертация файла Id=19 завершена. Время работы: 5.000 sec
2009-06-04T11:35:01+03:00 INFO (6): Processing tasks. Запущенно 0 процессов. Время работы 0.187 sec
2009-06-04T11:36:00+03:00 DEBUG (7): Конвертация файла Id=20 завершена. Время работы: 7.000 sec
2009-06-04T11:36:00+03:00 INFO (6): Processing tasks. Запущенно 0 процессов. Время работы 0.177 sec
2009-06-04T11:37:01+03:00 INFO (6): Processing tasks [Done]. Запущенно 0 процессов. Время работы 0.060 sec
2009-06-04T11:38:00+03:00 INFO (6): Processing tasks [Done]. Запущенно 0 процессов. Время работы 0.062 sec
2009-06-04T11:39:01+03:00 INFO (6): Processing tasks [Done]. Запущенно 0 процессов. Время работы 0.060 sec
2009-06-04T11:42:00+03:00 INFO (6): Processing tasks [Start]. Начало: 2009-06-04 11:42:00
2009-06-04T11:42:03+03:00 DEBUG (7): Запуск конвертации. IP=192.168.1.7, Строка запуска:
~/./conv.sh /mnt/tmp/tmp/video/tmp/21 /mnt/tmp/tmp/video/200923/21 >/dev/null 2>&1 &
2009-06-04T11:42:03+03:00 ERR (3): Ошибка запуска. 
2009-06-04T11:42:08+03:00 DEBUG (7): Запуск конвертации. IP=192.168.1.9, Строка запуска:
~/./conv.sh /mnt/tmp/tmp/video/tmp/22 /mnt/tmp/tmp/video/200923/22 >/dev/null 2>&1 &
2009-06-04T11:42:08+03:00 ERR (3): Ошибка запуска. 
2009-06-04T11:42:10+03:00 DEBUG (7): Запуск конвертации. IP=192.168.1.9, Строка запуска:
~/./conv.sh /mnt/tmp/tmp/video/tmp/23 /mnt/tmp/tmp/video/200923/23 >/dev/null 2>&1 &
2009-06-04T11:42:10+03:00 ERR (3): Ошибка запуска. 
2009-06-04T11:42:10+03:00 INFO (6): Processing tasks [Done]. Запущенно 3 процессов. Время работы 9.855 sec
2009-06-04T11:43:01+03:00 INFO (6): Processing tasks [Start]. Начало: 2009-06-04 11:43:01
2009-06-04T11:43:01+03:00 INFO (6): Processing tasks [Done]. Запущенно 0 процессов. Время работы 0.186 sec
2009-06-04T11:44:00+03:00 INFO (6): Processing tasks [Start]. Начало: 2009-06-04 11:44:00
2009-06-04T11:44:00+03:00 DEBUG (7): Конвертация файла Id=21 завершена. Время работы: 7.000 sec
2009-06-04T11:44:01+03:00 INFO (6): Processing tasks [Done]. Запущенно 0 процессов. Время работы 0.229 sec
2009-06-04T11:45:01+03:00 INFO (6): Processing tasks [Start]. Начало: 2009-06-04 11:45:01
2009-06-04T11:45:01+03:00 INFO (6): Processing tasks [Done]. Запущенно 0 процессов. Время работы 0.081 sec
2009-06-04T11:46:00+03:00 INFO (6): Processing tasks [Start]. Начало: 2009-06-04 11:46:00
2009-06-04T11:46:00+03:00 INFO (6): Processing tasks [Done]. Запущенно 0 процессов. Время работы 0.089 sec
2009-06-04T11:47:01+03:00 INFO (6): Processing tasks [Start]. Начало: 2009-06-04 11:47:01
2009-06-04T11:47:03+03:00 DEBUG (7): Запуск конвертации. IP=192.168.1.7, Строка запуска:
~/./conv.sh /mnt/tmp/tmp/video/tmp/22 /mnt/tmp/tmp/video/200923/22 >/dev/null 2>&1 &
2009-06-04T11:47:03+03:00 ERR (3): Ошибка запуска. 
2009-06-04T11:47:24+03:00 DEBUG (7): Запуск конвертации. IP=192.168.1.9, Строка запуска:
~/./conv.sh /mnt/tmp/tmp/video/tmp/23 /mnt/tmp/tmp/video/200923/23 >/dev/null 2>&1 &
2009-06-04T11:47:24+03:00 ERR (3): Ошибка запуска. 
2009-06-04T11:47:24+03:00 INFO (6): Processing tasks [Done]. Запущенно 2 процессов. Время работы 23.538 sec
2009-06-04T11:48:00+03:00 INFO (6): Processing tasks [Start]. Начало: 2009-06-04 11:48:00
2009-06-04T11:48:03+03:00 DEBUG (7): Запуск конвертации. IP=192.168.1.7, Строка запуска:
~/./conv.sh /mnt/tmp/tmp/video/tmp/22 /mnt/tmp/tmp/video/200923/22 >/dev/null 2>&1 &
2009-06-04T11:48:03+03:00 ERR (3): Ошибка запуска. 
2009-06-04T11:48:04+03:00 DEBUG (7): Запуск конвертации. IP=192.168.1.7, Строка запуска:
~/./conv.sh /mnt/tmp/tmp/video/tmp/23 /mnt/tmp/tmp/video/200923/23 >/dev/null 2>&1 &
2009-06-04T11:48:04+03:00 ERR (3): Ошибка запуска. 
2009-06-04T11:48:04+03:00 INFO (6): Processing tasks [Done]. Запущенно 2 процессов. Время работы 3.303 sec
2009-06-04T11:49:01+03:00 INFO (6): Processing tasks [Start]. Начало: 2009-06-04 11:49:01
2009-06-04T11:49:03+03:00 DEBUG (7): Запуск конвертации. IP=192.168.1.7, Строка запуска:
~/./conv.sh /mnt/tmp/tmp/video/tmp/22 /mnt/tmp/tmp/video/200923/22 >/dev/null 2>&1 &
2009-06-04T11:49:03+03:00 ERR (3): Ошибка запуска. 
2009-06-04T11:49:04+03:00 DEBUG (7): Запуск конвертации. IP=192.168.1.7, Строка запуска:
~/./conv.sh /mnt/tmp/tmp/video/tmp/23 /mnt/tmp/tmp/video/200923/23 >/dev/null 2>&1 &
2009-06-04T11:49:04+03:00 ERR (3): Ошибка запуска. 
2009-06-04T11:49:04+03:00 INFO (6): Processing tasks [Done]. Запущенно 2 процессов. Время работы 3.549 sec
2009-06-04T11:50:00+03:00 INFO (6): Processing tasks [Start]. Начало: 2009-06-04 11:50:00
2009-06-04T11:50:03+03:00 DEBUG (7): Запуск конвертации. IP=192.168.1.7, Строка запуска:
~/./conv.sh /mnt/tmp/tmp/video/tmp/22 /mnt/tmp/tmp/video/200923/22 >/dev/null 2>&1 &
2009-06-04T11:50:03+03:00 ERR (3): Ошибка запуска. 
2009-06-04T11:50:03+03:00 DEBUG (7): Запуск конвертации. IP=192.168.1.7, Строка запуска:
~/./conv.sh /mnt/tmp/tmp/video/tmp/23 /mnt/tmp/tmp/video/200923/23 >/dev/null 2>&1 &
2009-06-04T11:50:03+03:00 ERR (3): Ошибка запуска. 
2009-06-04T11:50:03+03:00 INFO (6): Processing tasks [Done]. Запущенно 2 процессов. Время работы 3.209 sec
2009-06-04T11:51:01+03:00 INFO (6): Processing tasks [Start]. Начало: 2009-06-04 11:51:01
2009-06-04T11:51:03+03:00 DEBUG (7): Запуск конвертации. IP=192.168.1.7, Строка запуска:
~/./conv.sh /mnt/tmp/tmp/video/tmp/22 /mnt/tmp/tmp/video/200923/22 >/dev/null 2>&1 &
2009-06-04T11:51:03+03:00 ERR (3): Ошибка запуска. 
2009-06-04T11:51:04+03:00 DEBUG (7): Запуск конвертации. IP=192.168.1.7, Строка запуска:
~/./conv.sh /mnt/tmp/tmp/video/tmp/23 /mnt/tmp/tmp/video/200923/23 >/dev/null 2>&1 &
2009-06-04T11:51:04+03:00 ERR (3): Ошибка запуска. 
2009-06-04T11:51:04+03:00 INFO (6): Processing tasks [Done]. Запущенно 2 процессов. Время работы 3.489 sec
2009-06-04T11:52:00+03:00 INFO (6): Processing tasks [Start]. Начало: 2009-06-04 11:52:00
2009-06-04T11:52:03+03:00 DEBUG (7): Запуск конвертации. IP=192.168.1.7, Строка запуска:
~/./conv.sh /mnt/tmp/tmp/video/tmp/22 /mnt/tmp/tmp/video/200923/22 >/dev/null 2>&1 &
2009-06-04T11:52:03+03:00 ERR (3): Ошибка запуска. 
2009-06-04T11:52:04+03:00 DEBUG (7): Запуск конвертации. IP=192.168.1.7, Строка запуска:
~/./conv.sh /mnt/tmp/tmp/video/tmp/23 /mnt/tmp/tmp/video/200923/23 >/dev/null 2>&1 &
2009-06-04T11:52:04+03:00 ERR (3): Ошибка запуска. 
2009-06-04T11:52:04+03:00 INFO (6): Processing tasks [Done]. Запущенно 2 процессов. Время работы 3.485 sec
2009-06-04T11:53:01+03:00 INFO (6): Processing tasks [Start]. Начало: 2009-06-04 11:53:01
2009-06-04T11:53:03+03:00 DEBUG (7): Запуск конвертации. IP=192.168.1.7, Строка запуска:
~/./conv.sh /mnt/tmp/tmp/video/tmp/22 /mnt/tmp/tmp/video/200923/22 >/dev/null 2>&1 &
2009-06-04T11:53:03+03:00 ERR (3): Ошибка запуска. 
2009-06-04T11:53:04+03:00 DEBUG (7): Запуск конвертации. IP=192.168.1.7, Строка запуска:
~/./conv.sh /mnt/tmp/tmp/video/tmp/23 /mnt/tmp/tmp/video/200923/23 >/dev/null 2>&1 &
2009-06-04T11:53:04+03:00 ERR (3): Ошибка запуска. 
2009-06-04T11:53:04+03:00 INFO (6): Processing tasks [Done]. Запущенно 2 процессов. Время работы 2.802 sec
2009-06-04T11:53:57+03:00 INFO (6): Processing tasks [Start]. Начало: 2009-06-04 11:53:57
2009-06-04T11:54:00+03:00 DEBUG (7): Запуск конвертации. IP=192.168.1.7, Строка запуска:
~/./conv.sh /mnt/tmp/tmp/video/tmp/22 /mnt/tmp/tmp/video/200923/22 >/dev/null 2>&1 &
2009-06-04T11:54:00+03:00 ERR (3): Ошибка запуска. 
2009-06-04T11:54:00+03:00 INFO (6): Processing tasks [Start]. Начало: 2009-06-04 11:54:00
2009-06-04T11:54:00+03:00 DEBUG (7): Запуск конвертации. IP=192.168.1.7, Строка запуска:
~/./conv.sh /mnt/tmp/tmp/video/tmp/23 /mnt/tmp/tmp/video/200923/23 >/dev/null 2>&1 &
2009-06-04T11:54:00+03:00 ERR (3): Ошибка запуска. 
2009-06-04T11:54:00+03:00 INFO (6): Processing tasks [Done]. Запущенно 2 процессов. Время работы 3.154 sec
2009-06-04T11:54:02+03:00 DEBUG (7): Запуск конвертации. IP=192.168.1.7, Строка запуска:
~/./conv.sh /mnt/tmp/tmp/video/tmp/22 /mnt/tmp/tmp/video/200923/22 >/dev/null 2>&1 &
2009-06-04T11:54:02+03:00 ERR (3): Ошибка запуска. 
2009-06-04T11:54:03+03:00 DEBUG (7): Запуск конвертации. IP=192.168.1.7, Строка запуска:
~/./conv.sh /mnt/tmp/tmp/video/tmp/23 /mnt/tmp/tmp/video/200923/23 >/dev/null 2>&1 &
2009-06-04T11:54:03+03:00 ERR (3): Ошибка запуска. 
2009-06-04T11:54:03+03:00 INFO (6): Processing tasks [Done]. Запущенно 2 процессов. Время работы 2.866 sec
2009-06-04T11:55:01+03:00 INFO (6): Processing tasks [Start]. Начало: 2009-06-04 11:55:01
2009-06-04T11:55:03+03:00 DEBUG (7): Запуск конвертации. IP=192.168.1.7, Строка запуска:
~/./conv.sh /mnt/tmp/tmp/video/tmp/22 /mnt/tmp/tmp/video/200923/22 >/dev/null 2>&1 &
2009-06-04T11:55:03+03:00 ERR (3): Ошибка запуска. 
2009-06-04T11:55:04+03:00 DEBUG (7): Запуск конвертации. IP=192.168.1.7, Строка запуска:
~/./conv.sh /mnt/tmp/tmp/video/tmp/23 /mnt/tmp/tmp/video/200923/23 >/dev/null 2>&1 &
2009-06-04T11:55:04+03:00 ERR (3): Ошибка запуска. 
2009-06-04T11:55:04+03:00 INFO (6): Processing tasks [Done]. Запущенно 2 процессов. Время работы 3.139 sec
2009-06-04T11:56:00+03:00 INFO (6): Processing tasks [Start]. Начало: 2009-06-04 11:56:00
2009-06-04T11:56:02+03:00 DEBUG (7): Запуск конвертации. IP=192.168.1.7, Строка запуска:
~/./conv.sh /mnt/tmp/tmp/video/tmp/22 /mnt/tmp/tmp/video/200923/22 >/dev/null 2>&1 &
2009-06-04T11:56:02+03:00 ERR (3): Ошибка запуска. 
2009-06-04T11:56:03+03:00 DEBUG (7): Запуск конвертации. IP=192.168.1.7, Строка запуска:
~/./conv.sh /mnt/tmp/tmp/video/tmp/23 /mnt/tmp/tmp/video/200923/23 >/dev/null 2>&1 &
2009-06-04T11:56:03+03:00 ERR (3): Ошибка запуска. 
2009-06-04T11:56:03+03:00 INFO (6): Processing tasks [Done]. Запущенно 2 процессов. Время работы 2.777 sec
2009-06-04T11:56:53+03:00 INFO (6): Processing tasks [Start]. Начало: 2009-06-04 11:56:53
2009-06-04T11:57:01+03:00 INFO (6): Processing tasks [Start]. Начало: 2009-06-04 11:57:01
2009-06-04T11:57:22+03:00 DEBUG (7): Запуск конвертации. IP=192.168.1.9, Строка запуска:
~/./conv.sh /mnt/tmp/tmp/video/tmp/22 /mnt/tmp/tmp/video/200923/22 >/dev/null 2>&1 &
2009-06-04T11:57:29+03:00 DEBUG (7): Запуск конвертации. IP=192.168.1.9, Строка запуска:
~/./conv.sh /mnt/tmp/tmp/video/tmp/22 /mnt/tmp/tmp/video/200923/22 >/dev/null 2>&1 &
2009-06-04T11:57:30+03:00 DEBUG (7): Запуск конвертации. IP=192.168.1.9, Строка запуска:
~/./conv.sh /mnt/tmp/tmp/video/tmp/23 /mnt/tmp/tmp/video/200923/23 >/dev/null 2>&1 &
2009-06-04T11:57:30+03:00 INFO (6): Processing tasks [Done]. Запущенно 2 процессов. Время работы 36.439 sec
2009-06-04T11:57:37+03:00 DEBUG (7): Запуск конвертации. IP=192.168.1.9, Строка запуска:
~/./conv.sh /mnt/tmp/tmp/video/tmp/23 /mnt/tmp/tmp/video/200923/23 >/dev/null 2>&1 &
2009-06-04T11:57:37+03:00 INFO (6): Processing tasks [Done]. Запущенно 2 процессов. Время работы 35.749 sec
2009-06-04T11:57:47+03:00 INFO (6): Processing tasks [Start]. Начало: 2009-06-04 11:57:47
2009-06-04T11:57:47+03:00 INFO (6): Processing tasks [Done]. Запущенно 0 процессов. Время работы 0.156 sec
2009-06-04T11:57:57+03:00 INFO (6): Processing tasks [Start]. Начало: 2009-06-04 11:57:57
2009-06-04T11:57:58+03:00 INFO (6): Processing tasks [Done]. Запущенно 0 процессов. Время работы 0.086 sec
2009-06-04T11:58:00+03:00 INFO (6): Processing tasks [Start]. Начало: 2009-06-04 11:58:00
2009-06-04T11:58:00+03:00 INFO (6): Processing tasks [Done]. Запущенно 0 процессов. Время работы 0.081 sec
2009-06-04T11:59:01+03:00 INFO (6): Processing tasks [Start]. Начало: 2009-06-04 11:59:01
2009-06-04T11:59:01+03:00 INFO (6): Processing tasks [Done]. Запущенно 0 процессов. Время работы 0.150 sec
2009-06-04T12:00:00+03:00 INFO (6): Processing tasks [Start]. Начало: 2009-06-04 12:00:00
2009-06-04T12:00:01+03:00 INFO (6): Processing tasks [Done]. Запущенно 0 процессов. Время работы 0.140 sec
2009-06-04T12:01:01+03:00 INFO (6): Processing tasks [Start]. Начало: 2009-06-04 12:01:01
2009-06-04T12:01:01+03:00 INFO (6): Processing tasks [Done]. Запущенно 0 процессов. Время работы 0.097 sec
2009-06-04T12:02:00+03:00 INFO (6): Processing tasks [Start]. Начало: 2009-06-04 12:02:00
2009-06-04T12:02:00+03:00 INFO (6): Processing tasks [Done]. Запущенно 0 процессов. Время работы 0.094 sec
2009-06-04T12:03:01+03:00 INFO (6): Processing tasks [Start]. Начало: 2009-06-04 12:03:01
2009-06-04T12:03:01+03:00 INFO (6): Processing tasks [Done]. Запущенно 0 процессов. Время работы 0.107 sec
2009-06-04T12:04:00+03:00 INFO (6): Processing tasks [Start]. Начало: 2009-06-04 12:04:00
2009-06-04T12:04:01+03:00 INFO (6): Processing tasks [Done]. Запущенно 0 процессов. Время работы 0.289 sec
2009-06-04T12:05:01+03:00 INFO (6): Processing tasks [Start]. Начало: 2009-06-04 12:05:01
2009-06-04T12:05:01+03:00 INFO (6): Processing tasks [Done]. Запущенно 0 процессов. Время работы 0.102 sec
2009-06-04T12:06:02+03:00 INFO (6): Processing tasks [Start]. Начало: 2009-06-04 12:06:02
2009-06-04T12:06:02+03:00 INFO (6): Processing tasks [Done]. Запущенно 0 процессов. Время работы 0.085 sec
2009-06-04T12:07:01+03:00 INFO (6): Processing tasks [Start]. Начало: 2009-06-04 12:07:01
2009-06-04T12:07:37+03:00 DEBUG (7): Запуск конвертации. IP=192.168.1.9, Строка запуска:
~/./conv.sh /mnt/tmp/tmp/video/tmp/24 /mnt/tmp/tmp/video/200923/24 >~/./conv.log 2>&1 &
2009-06-04T12:07:45+03:00 DEBUG (7): Запуск конвертации. IP=192.168.1.9, Строка запуска:
~/./conv.sh /mnt/tmp/tmp/video/tmp/25 /mnt/tmp/tmp/video/200923/25 >~/./conv.log 2>&1 &
2009-06-04T12:08:00+03:00 INFO (6): Processing tasks [Start]. Начало: 2009-06-04 12:08:00
2009-06-04T12:08:08+03:00 DEBUG (7): Запуск конвертации. IP=192.168.1.9, Строка запуска:
~/./conv.sh /mnt/tmp/tmp/video/tmp/26 /mnt/tmp/tmp/video/200923/26 >~/./conv.log 2>&1 &
2009-06-04T12:08:08+03:00 INFO (6): Processing tasks [Done]. Запущенно 3 процессов. Время работы 67.448 sec
2009-06-04T12:08:51+03:00 DEBUG (7): Запуск конвертации. IP=192.168.1.9, Строка запуска:
~/./conv.sh /mnt/tmp/tmp/video/tmp/26 /mnt/tmp/tmp/video/200923/26 >~/./conv.log 2>&1 &
2009-06-04T12:08:51+03:00 INFO (6): Processing tasks [Done]. Запущенно 1 процессов. Время работы 51.009 sec
2009-06-04T12:09:00+03:00 INFO (6): Processing tasks [Start]. Начало: 2009-06-04 12:09:00
2009-06-04T12:09:00+03:00 INFO (6): Processing tasks [Done]. Запущенно 0 процессов. Время работы 0.137 sec
2009-06-04T12:10:01+03:00 INFO (6): Processing tasks [Start]. Начало: 2009-06-04 12:10:01
2009-06-04T12:10:01+03:00 INFO (6): Processing tasks [Done]. Запущенно 0 процессов. Время работы 0.208 sec
2009-06-04T12:11:00+03:00 INFO (6): Processing tasks [Start]. Начало: 2009-06-04 12:11:00
2009-06-04T12:11:00+03:00 INFO (6): Processing tasks [Done]. Запущенно 0 процессов. Время работы 0.206 sec
2009-06-04T12:12:01+03:00 INFO (6): Processing tasks [Start]. Начало: 2009-06-04 12:12:01
2009-06-04T12:12:01+03:00 INFO (6): Processing tasks [Done]. Запущенно 0 процессов. Время работы 0.191 sec
2009-06-04T12:13:00+03:00 INFO (6): Processing tasks [Start]. Начало: 2009-06-04 12:13:00
2009-06-04T12:13:00+03:00 INFO (6): Processing tasks [Done]. Запущенно 0 процессов. Время работы 0.179 sec
2009-06-04T12:14:01+03:00 INFO (6): Processing tasks [Start]. Начало: 2009-06-04 12:14:01
2009-06-04T12:14:01+03:00 INFO (6): Processing tasks [Done]. Запущенно 0 процессов. Время работы 0.192 sec
2009-06-04T12:14:51+03:00 INFO (6): Processing tasks [Start]. Начало: 2009-06-04 12:14:51
2009-06-04T12:15:00+03:00 INFO (6): Processing tasks [Start]. Начало: 2009-06-04 12:15:00
2009-06-04T12:16:01+03:00 INFO (6): Processing tasks [Start]. Начало: 2009-06-04 12:16:01
2009-06-04T12:16:17+03:00 INFO (6): Processing tasks [Start]. Начало: 2009-06-04 12:16:17
2009-06-04T12:17:00+03:00 INFO (6): Processing tasks [Start]. Начало: 2009-06-04 12:17:00
2009-06-04T12:18:01+03:00 INFO (6): Processing tasks [Start]. Начало: 2009-06-04 12:18:01
2009-06-04T12:19:00+03:00 INFO (6): Processing tasks [Start]. Начало: 2009-06-04 12:19:00
2009-06-04T12:20:01+03:00 INFO (6): Processing tasks [Start]. Начало: 2009-06-04 12:20:01
2009-06-04T12:20:01+03:00 DEBUG (7): Конвертация файла Id=25 завершена. Время работы: 654.000 sec
2009-06-04T12:20:01+03:00 DEBUG (7): Конвертация файла Id=26 завершена. Время работы: 584.000 sec
2009-06-04T12:21:00+03:00 INFO (6): Processing tasks [Start]. Начало: 2009-06-04 12:21:00
2009-06-04T12:21:00+03:00 DEBUG (7): Конвертация файла Id=24 завершена. Время работы: 733.000 sec
2009-06-04T12:21:03+03:00 DEBUG (7): Запуск конвертации. IP=192.168.1.9, Строка запуска:
~/./conv.sh /mnt/tmp/tmp/video/tmp/27 /mnt/tmp/tmp/video/200923/27 >>~/./conv.log 2>&1 &
2009-06-04T12:21:03+03:00 INFO (6): Processing tasks [Done]. Запущенно 1 процессов. Время работы 3.045 sec
2009-06-04T12:22:01+03:00 INFO (6): Processing tasks [Start]. Начало: 2009-06-04 12:22:01
2009-06-04T12:22:01+03:00 INFO (6): Processing tasks [Done]. Запущенно 0 процессов. Время работы 0.100 sec
2009-06-04T12:23:00+03:00 INFO (6): Processing tasks [Start]. Начало: 2009-06-04 12:23:00
2009-06-04T12:23:00+03:00 DEBUG (7): Конвертация файла Id=27 завершена. Время работы: 4.000 sec
2009-06-04T12:23:00+03:00 INFO (6): Processing tasks [Done]. Запущенно 0 процессов. Время работы 0.183 sec
2009-06-04T12:24:01+03:00 INFO (6): Processing tasks [Start]. Начало: 2009-06-04 12:24:01
2009-06-04T12:24:01+03:00 INFO (6): Processing tasks [Done]. Запущенно 0 процессов. Время работы 0.069 sec
2009-06-04T12:25:00+03:00 INFO (6): Processing tasks [Start]. Начало: 2009-06-04 12:25:00
2009-06-04T12:25:00+03:00 INFO (6): Processing tasks [Done]. Запущенно 0 процессов. Время работы 0.066 sec
2009-06-04T12:26:01+03:00 INFO (6): Processing tasks [Start]. Начало: 2009-06-04 12:26:01
2009-06-04T12:26:01+03:00 INFO (6): Processing tasks [Done]. Запущенно 0 процессов. Время работы 0.069 sec
2009-06-04T12:27:00+03:00 INFO (6): Processing tasks [Start]. Начало: 2009-06-04 12:27:00
2009-06-04T12:27:00+03:00 INFO (6): Processing tasks [Done]. Запущенно 0 процессов. Время работы 0.065 sec
2009-06-04T12:28:01+03:00 INFO (6): Processing tasks [Start]. Начало: 2009-06-04 12:28:01
2009-06-04T12:28:01+03:00 INFO (6): Processing tasks [Done]. Запущенно 0 процессов. Время работы 0.065 sec
2009-06-04T12:29:00+03:00 INFO (6): Processing tasks [Start]. Начало: 2009-06-04 12:29:00
2009-06-04T12:29:00+03:00 INFO (6): Processing tasks [Done]. Запущенно 0 процессов. Время работы 0.067 sec
2009-06-04T12:30:01+03:00 INFO (6): Processing tasks [Start]. Начало: 2009-06-04 12:30:01
2009-06-04T12:30:01+03:00 INFO (6): Processing tasks [Done]. Запущенно 0 процессов. Время работы 0.065 sec
2009-06-04T12:31:00+03:00 INFO (6): Processing tasks [Start]. Начало: 2009-06-04 12:31:00
2009-06-04T12:31:04+03:00 DEBUG (7): Запуск конвертации. IP=192.168.1.9, Строка запуска:
~/./conv.sh /mnt/tmp/tmp/video/tmp/28 /mnt/tmp/tmp/video/200923/28 >>~/./conv.log 2>&1 &
2009-06-04T12:31:04+03:00 INFO (6): Processing tasks [Done]. Запущенно 1 процессов. Время работы 3.964 sec
2009-06-04T12:32:01+03:00 INFO (6): Processing tasks [Start]. Начало: 2009-06-04 12:32:01
2009-06-04T12:32:01+03:00 INFO (6): Processing tasks [Done]. Запущенно 0 процессов. Время работы 0.093 sec
2009-06-04T12:33:00+03:00 INFO (6): Processing tasks [Start]. Начало: 2009-06-04 12:33:00
2009-06-04T12:33:00+03:00 DEBUG (7): Конвертация файла Id=28 завершена. Время работы: 24.000 sec
2009-06-04T12:33:00+03:00 INFO (6): Processing tasks [Done]. Запущенно 0 процессов. Время работы 0.165 sec
2009-06-04T12:34:01+03:00 INFO (6): Processing tasks [Start]. Начало: 2009-06-04 12:34:01
2009-06-04T12:34:01+03:00 INFO (6): Processing tasks [Done]. Запущенно 0 процессов. Время работы 0.076 sec
2009-06-04T12:35:00+03:00 INFO (6): Processing tasks [Start]. Начало: 2009-06-04 12:35:00
2009-06-04T12:35:00+03:00 INFO (6): Processing tasks [Done]. Запущенно 0 процессов. Время работы 0.067 sec
2009-06-04T12:36:01+03:00 INFO (6): Processing tasks [Start]. Начало: 2009-06-04 12:36:01
2009-06-04T12:36:01+03:00 INFO (6): Processing tasks [Done]. Запущенно 0 процессов. Время работы 0.067 sec
2009-06-04T12:37:00+03:00 INFO (6): Processing tasks [Start]. Начало: 2009-06-04 12:37:00
2009-06-04T12:37:00+03:00 INFO (6): Processing tasks [Done]. Запущенно 0 процессов. Время работы 0.071 sec
2009-06-04T12:38:01+03:00 INFO (6): Processing tasks [Start]. Начало: 2009-06-04 12:38:01
2009-06-04T12:38:01+03:00 INFO (6): Processing tasks [Done]. Запущенно 0 процессов. Время работы 0.066 sec
2009-06-04T12:39:00+03:00 INFO (6): Processing tasks [Start]. Начало: 2009-06-04 12:39:00
2009-06-04T12:39:00+03:00 INFO (6): Processing tasks [Done]. Запущенно 0 процессов. Время работы 0.066 sec
2009-06-04T12:40:01+03:00 INFO (6): Processing tasks [Start]. Начало: 2009-06-04 12:40:01
2009-06-04T12:40:01+03:00 INFO (6): Processing tasks [Done]. Запущенно 0 процессов. Время работы 0.067 sec
2009-06-04T12:41:00+03:00 INFO (6): Processing tasks [Start]. Начало: 2009-06-04 12:41:00
2009-06-04T12:41:00+03:00 INFO (6): Processing tasks [Done]. Запущенно 0 процессов. Время работы 0.065 sec
2009-06-04T12:41:38+03:00 INFO (6): Processing tasks [Start]. Начало: 2009-06-04 12:41:38
2009-06-04T12:42:01+03:00 INFO (6): Processing tasks [Start]. Начало: 2009-06-04 12:42:01
2009-06-04T12:43:00+03:00 INFO (6): Processing tasks [Start]. Начало: 2009-06-04 12:43:00
2009-06-04T12:43:32+03:00 INFO (6): Processing tasks [Start]. Начало: 2009-06-04 12:43:32
2009-06-04T12:43:43+03:00 INFO (6): Processing tasks [Start]. Начало: 2009-06-04 12:43:43
2009-06-04T12:44:01+03:00 INFO (6): Processing tasks [Start]. Начало: 2009-06-04 12:44:01
2009-06-04T12:44:05+03:00 INFO (6): Processing tasks [Start]. Начало: 2009-06-04 12:44:05
2009-06-04T12:44:15+03:00 INFO (6): Processing tasks [Start]. Начало: 2009-06-04 12:44:15
2009-06-04T12:45:00+03:00 INFO (6): Processing tasks [Start]. Начало: 2009-06-04 12:45:00
2009-06-04T12:45:02+03:00 DEBUG (7): Запуск конвертации. IP=192.168.1.7, Строка запуска:
~/./conv.sh /mnt/tmp/tmp/video/tmp/29 /mnt/tmp/tmp/video/200923/29 >>~/./conv.log 2>&1 &
2009-06-04T12:45:02+03:00 INFO (6): Processing tasks [Done]. Запущенно 1 процессов. Время работы 2.303 sec
2009-06-04T12:46:01+03:00 INFO (6): Processing tasks [Start]. Начало: 2009-06-04 12:46:01
2009-06-04T12:46:01+03:00 INFO (6): Processing tasks [Done]. Запущенно 0 процессов. Время работы 0.100 sec
2009-06-04T12:47:00+03:00 INFO (6): Processing tasks [Start]. Начало: 2009-06-04 12:47:00
2009-06-04T12:47:00+03:00 INFO (6): Processing tasks [Done]. Запущенно 0 процессов. Время работы 0.098 sec
2009-06-04T12:48:01+03:00 INFO (6): Processing tasks [Start]. Начало: 2009-06-04 12:48:01
2009-06-04T12:48:01+03:00 DEBUG (7): Конвертация файла Id=29 завершена. Время работы: 60.000 sec
2009-06-04T12:48:01+03:00 INFO (6): Processing tasks [Done]. Запущенно 0 процессов. Время работы 0.201 sec
2009-06-04T12:49:00+03:00 INFO (6): Processing tasks [Start]. Начало: 2009-06-04 12:49:00
2009-06-04T12:49:00+03:00 INFO (6): Processing tasks [Done]. Запущенно 0 процессов. Время работы 0.079 sec
2009-06-04T15:57:09+03:00 DEBUG (7): Processing tasks [Start]. Начало: 2009-06-04 15:57:09
2009-06-04T15:57:09+03:00 DEBUG (7): Processing tasks [Done]. Запущенно 0 процессов. Время работы 0.194 sec
2009-06-04T15:58:01+03:00 DEBUG (7): Processing tasks [Start]. Начало: 2009-06-04 15:58:01
2009-06-04T15:58:03+03:00 DEBUG (7): Запуск конвертации. IP=192.168.1.7, Строка запуска:
~/./conv.sh /mnt/tmp/tmp/video/tmp/30 30 >>~/./conv.log 2>&1 &
2009-06-04T15:58:06+03:00 DEBUG (7): Запуск конвертации. IP=192.168.1.9, Строка запуска:
~/./conv.sh /mnt/tmp/tmp/video/tmp/31 31 >>~/./conv.log 2>&1 &
2009-06-04T15:58:06+03:00 DEBUG (7): Processing tasks [Done]. Запущенно 2 процессов. Время работы 5.728 sec
2009-06-04T15:59:00+03:00 DEBUG (7): Processing tasks [Start]. Начало: 2009-06-04 15:59:00
2009-06-04T15:59:00+03:00 DEBUG (7): Processing tasks [Done]. Запущенно 0 процессов. Время работы 0.076 sec
2009-06-04T16:00:01+03:00 DEBUG (7): Processing tasks [Start]. Начало: 2009-06-04 16:00:01
2009-06-04T16:00:01+03:00 DEBUG (7): Processing tasks [Done]. Запущенно 0 процессов. Время работы 0.067 sec
2009-06-04T16:01:00+03:00 DEBUG (7): Processing tasks [Start]. Начало: 2009-06-04 16:01:00
2009-06-04T16:01:00+03:00 DEBUG (7): Processing tasks [Done]. Запущенно 0 процессов. Время работы 0.069 sec
2009-06-04T16:02:01+03:00 DEBUG (7): Processing tasks [Start]. Начало: 2009-06-04 16:02:01
2009-06-04T16:02:01+03:00 DEBUG (7): Processing tasks [Done]. Запущенно 0 процессов. Время работы 0.080 sec
2009-06-04T16:03:00+03:00 DEBUG (7): Processing tasks [Start]. Начало: 2009-06-04 16:03:00
2009-06-04T16:03:00+03:00 DEBUG (7): Processing tasks [Done]. Запущенно 0 процессов. Время работы 0.085 sec
